0 info it worked if it ends with ok
1 verbose cli [ '/usr/local/bin/node', '/usr/local/bin/npm', 'publish' ]
2 info using npm@3.10.8
3 info using node@v6.9.1
4 verbose publish [ '.' ]
5 silly cache add args [ '.', null ]
6 verbose cache add spec .
7 silly cache add parsed spec Result {
7 silly cache add   raw: '.',
7 silly cache add   scope: null,
7 silly cache add   escapedName: null,
7 silly cache add   name: null,
7 silly cache add   rawSpec: '.',
7 silly cache add   spec: '/3_Code/test/webpack/Daji',
7 silly cache add   type: 'directory' }
8 verbose addLocalDirectory /Users/cpw/.npm/daji/1.0.0/package.tgz not in flight; packing
9 verbose correctMkdir /Users/cpw/.npm correctMkdir not in flight; initializing
10 info lifecycle daji@1.0.0~prepublish: daji@1.0.0
11 silly lifecycle daji@1.0.0~prepublish: no script for prepublish, continuing
12 verbose tar pack [ '/Users/cpw/.npm/daji/1.0.0/package.tgz',
12 verbose tar pack   '/3_Code/test/webpack/Daji' ]
13 verbose tarball /Users/cpw/.npm/daji/1.0.0/package.tgz
14 verbose folder /3_Code/test/webpack/Daji
15 verbose addLocalTarball adding from inside cache /Users/cpw/.npm/daji/1.0.0/package.tgz
16 verbose correctMkdir /Users/cpw/.npm correctMkdir not in flight; initializing
17 silly cache afterAdd daji@1.0.0
18 verbose afterAdd /Users/cpw/.npm/daji/1.0.0/package/package.json not in flight; writing
19 verbose correctMkdir /Users/cpw/.npm correctMkdir not in flight; initializing
20 verbose afterAdd /Users/cpw/.npm/daji/1.0.0/package/package.json written
21 silly publish { name: 'daji',
21 silly publish   version: '1.0.0',
21 silly publish   description: 'Belial220',
21 silly publish   main: 'index.js',
21 silly publish   scripts: { test: 'echo "Error: no test specified" && exit 1' },
21 silly publish   author: { name: 'cpw220' },
21 silly publish   license: 'ISC',
21 silly publish   publishConfig: { registry: 'http://registry.npm.alibaba-inc.com' },
21 silly publish   engines: { node: '>=4.4.4' },
21 silly publish   bin: { daji: 'bin/daji.js' },
21 silly publish   devDependencies: {},
21 silly publish   gitHead: '3aed60fd582d6b09394b3831a44f5dd413047382',
21 silly publish   readme: 'ERROR: No README data found!',
21 silly publish   _id: 'daji@1.0.0',
21 silly publish   _shasum: 'c793893d6cb8807b3f4bdb926568ebb99488e4c1',
21 silly publish   _from: '.' }
22 verbose getPublishConfig { registry: 'http://registry.npm.alibaba-inc.com' }
23 silly mapToRegistry name daji
24 silly mapToRegistry using default registry
25 silly mapToRegistry registry http://registry.npm.alibaba-inc.com
26 silly mapToRegistry data Result {
26 silly mapToRegistry   raw: 'daji',
26 silly mapToRegistry   scope: null,
26 silly mapToRegistry   escapedName: 'daji',
26 silly mapToRegistry   name: 'daji',
26 silly mapToRegistry   rawSpec: '',
26 silly mapToRegistry   spec: 'latest',
26 silly mapToRegistry   type: 'tag' }
27 silly mapToRegistry uri http://registry.npm.alibaba-inc.com/daji
28 verbose publish registryBase http://registry.npm.alibaba-inc.com/
29 silly publish uploading /Users/cpw/.npm/daji/1.0.0/package.tgz
30 verbose stack Error: auth required for publishing
30 verbose stack     at CachingRegistryClient.publish (/usr/local/lib/node_modules/npm/node_modules/npm-registry-client/lib/publish.js:30:14)
30 verbose stack     at /usr/local/lib/node_modules/npm/lib/publish.js:138:14
30 verbose stack     at mapToRegistry (/usr/local/lib/node_modules/npm/lib/utils/map-to-registry.js:62:3)
30 verbose stack     at publish_ (/usr/local/lib/node_modules/npm/lib/publish.js:107:3)
30 verbose stack     at Array.<anonymous> (/usr/local/lib/node_modules/npm/node_modules/slide/lib/bind-actor.js:15:8)
30 verbose stack     at LOOP (/usr/local/lib/node_modules/npm/node_modules/slide/lib/chain.js:15:14)
30 verbose stack     at LOOP (/usr/local/lib/node_modules/npm/node_modules/slide/lib/chain.js:14:28)
30 verbose stack     at chain (/usr/local/lib/node_modules/npm/node_modules/slide/lib/chain.js:20:5)
30 verbose stack     at /usr/local/lib/node_modules/npm/lib/publish.js:73:5
30 verbose stack     at RES (/usr/local/lib/node_modules/npm/node_modules/inflight/inflight.js:23:14)
31 verbose cwd /3_Code/test/webpack/Daji
32 error Darwin 16.0.0
33 error argv "/usr/local/bin/node" "/usr/local/bin/npm" "publish"
34 error node v6.9.1
35 error npm  v3.10.8
36 error code ENEEDAUTH
37 error need auth auth required for publishing
38 error need auth You need to authorize this machine using `npm adduser`
39 verbose exit [ 1, true ]
